0 info it worked if it ends with ok
1 verbose cli [ '/usr/local/bin/node',
1 verbose cli   '/usr/local/bin/npm',
1 verbose cli   'run',
1 verbose cli   'report-coverage' ]
2 info using npm@3.7.3
3 info using node@v5.6.0
4 verbose run-script [ 'prereport-coverage',
4 verbose run-script   'report-coverage',
4 verbose run-script   'postreport-coverage' ]
5 info lifecycle react-range-progress@0.0.0-semantically-released~prereport-coverage: react-range-progress@0.0.0-semantically-released
6 silly lifecycle react-range-progress@0.0.0-semantically-released~prereport-coverage: no script for prereport-coverage, continuing
7 info lifecycle react-range-progress@0.0.0-semantically-released~report-coverage: react-range-progress@0.0.0-semantically-released
8 verbose lifecycle react-range-progress@0.0.0-semantically-released~report-coverage: unsafe-perm in lifecycle true
9 verbose lifecycle react-range-progress@0.0.0-semantically-released~report-coverage: PATH: /usr/local/lib/node_modules/npm/bin/node-gyp-bin:/Users/vgrafe/Documents/perso/react-range-progress/node_modules/.bin:/usr/local/bin:/usr/local/bin:/usr/bin:/bin:/usr/sbin:/sbin:/Users/vgrafe/.vimpkg/bin
10 verbose lifecycle react-range-progress@0.0.0-semantically-released~report-coverage: CWD: /Users/vgrafe/Documents/perso/react-range-progress
11 silly lifecycle react-range-progress@0.0.0-semantically-released~report-coverage: Args: [ '-c', 'cat ./coverage/lcov.info | codecov' ]
12 silly lifecycle react-range-progress@0.0.0-semantically-released~report-coverage: Returned: code: 1  signal: null
13 info lifecycle react-range-progress@0.0.0-semantically-released~report-coverage: Failed to exec report-coverage script
14 verbose stack Error: react-range-progress@0.0.0-semantically-released report-coverage: `cat ./coverage/lcov.info | codecov`
14 verbose stack Exit status 1
14 verbose stack     at EventEmitter.<anonymous> (/usr/local/lib/node_modules/npm/lib/utils/lifecycle.js:239:16)
14 verbose stack     at emitTwo (events.js:100:13)
14 verbose stack     at EventEmitter.emit (events.js:185:7)
14 verbose stack     at ChildProcess.<anonymous> (/usr/local/lib/node_modules/npm/lib/utils/spawn.js:24:14)
14 verbose stack     at emitTwo (events.js:100:13)
14 verbose stack     at ChildProcess.emit (events.js:185:7)
14 verbose stack     at maybeClose (internal/child_process.js:827:16)
14 verbose stack     at Process.ChildProcess._handle.onexit (internal/child_process.js:211:5)
15 verbose pkgid react-range-progress@0.0.0-semantically-released
16 verbose cwd /Users/vgrafe/Documents/perso/react-range-progress
17 error Darwin 15.5.0
18 error argv "/usr/local/bin/node" "/usr/local/bin/npm" "run" "report-coverage"
19 error node v5.6.0
20 error npm  v3.7.3
21 error code ELIFECYCLE
22 error react-range-progress@0.0.0-semantically-released report-coverage: `cat ./coverage/lcov.info | codecov`
22 error Exit status 1
23 error Failed at the react-range-progress@0.0.0-semantically-released report-coverage script 'cat ./coverage/lcov.info | codecov'.
23 error Make sure you have the latest version of node.js and npm installed.
23 error If you do, this is most likely a problem with the react-range-progress package,
23 error not with npm itself.
23 error Tell the author that this fails on your system:
23 error     cat ./coverage/lcov.info | codecov
23 error You can get information on how to open an issue for this project with:
23 error     npm bugs react-range-progress
23 error Or if that isn't available, you can get their info via:
23 error     npm owner ls react-range-progress
23 error There is likely additional logging output above.
24 verbose exit [ 1, true ]
